<?xml version="1.0" encoding="UTF-8"?>
<testsuite name="com.hotelreservation.HotelReservationTest" tests="1" skipped="0" failures="0" errors="0" timestamp="2022-07-20T14:12:51" hostname="DESKTOP-8DEVOGL" time="0.029">
  <properties/>
  <testcase name="test()" classname="com.hotelreservation.HotelReservationTest" time="0.029"/>
  <system-out><![CDATA[]]></system-out>
  <system-err><![CDATA[]]></system-err>
</testsuite>
